<?xml version="1.0" encoding="UTF-8"?>
<!-- Generated by org.testng.reporters.JUnitReportReporter -->
<testsuite skipped="0" hostname="DESKTOP-7RFSQTH" name="runner.RunnerFile" tests="1" failures="0" timestamp="26 Dec 2019 04:29:07 GMT" time="12.462" errors="0">
  <testcase name="feature" time="12.462" classname="runner.RunnerFile"/>
</testsuite> <!-- runner.RunnerFile -->
